c:\users\jreid216\desktop\santagrab\santagrab\debug\vc141.pdb
c:\users\jreid216\desktop\santagrab\santagrab\debug\vc141.idb
c:\users\jreid216\desktop\santagrab\santagrab\debug\asteroidssdl.obj
c:\users\jreid216\desktop\santagrab\santagrab\debug\cbkground.obj
c:\users\jreid216\desktop\santagrab\santagrab\debug\csdl2wndmanager.obj
c:\users\jreid216\desktop\santagrab\santagrab\debug\csprite.obj
c:\users\jreid216\desktop\santagrab\santagrab\debug\ctexture.obj
c:\users\jreid216\desktop\santagrab\santagrab\debug\ctexturemgr.obj
c:\users\jreid216\desktop\santagrab\santagrab\debug\casteroid.obj
c:\users\jreid216\desktop\santagrab\santagrab\debug\cgame.obj
c:\users\jreid216\desktop\santagrab\santagrab\debug\crocket.obj
c:\users\jreid216\desktop\santagrab\santagrab\debug\cbullet.obj
c:\users\jreid216\desktop\santagrab\santagrab\debug\cfont.obj
c:\users\jreid216\desktop\santagrab\santagrab\debug\cfontmgr.obj
c:\users\jreid216\desktop\santagrab\santagrab\debug\csound.obj
c:\users\jreid216\desktop\santagrab\santagrab\debug\csoundmgr.obj
c:\users\jreid216\desktop\santagrab\debug\santagrab.pdb
c:\users\jreid216\desktop\santagrab\santagrab\debug\santagrab.tlog\cl.command.1.tlog
c:\users\jreid216\desktop\santagrab\santagrab\debug\santagrab.tlog\cl.read.1.tlog
c:\users\jreid216\desktop\santagrab\santagrab\debug\santagrab.tlog\cl.write.1.tlog
c:\users\jreid216\desktop\santagrab\santagrab\debug\santagrab.tlog\link-cvtres.read.1.tlog
c:\users\jreid216\desktop\santagrab\santagrab\debug\santagrab.tlog\link-cvtres.write.1.tlog
c:\users\jreid216\desktop\santagrab\santagrab\debug\santagrab.tlog\link-rc.read.1.tlog
c:\users\jreid216\desktop\santagrab\santagrab\debug\santagrab.tlog\link-rc.write.1.tlog
c:\users\jreid216\desktop\santagrab\santagrab\debug\santagrab.tlog\link.13480-cvtres.read.1.tlog
c:\users\jreid216\desktop\santagrab\santagrab\debug\santagrab.tlog\link.13480-cvtres.write.1.tlog
c:\users\jreid216\desktop\santagrab\santagrab\debug\santagrab.tlog\link.13480-rc.read.1.tlog
c:\users\jreid216\desktop\santagrab\santagrab\debug\santagrab.tlog\link.13480-rc.write.1.tlog
c:\users\jreid216\desktop\santagrab\santagrab\debug\santagrab.tlog\link.13480.read.1.tlog
c:\users\jreid216\desktop\santagrab\santagrab\debug\santagrab.tlog\link.13480.write.1.tlog
c:\users\jreid216\desktop\santagrab\santagrab\debug\santagrab.tlog\link.command.1.tlog
c:\users\jreid216\desktop\santagrab\santagrab\debug\santagrab.tlog\link.read.1.tlog
c:\users\jreid216\desktop\santagrab\santagrab\debug\santagrab.tlog\link.write.1.tlog
